<?xml version="1.0" encoding="UTF-8"?>
<!-- Generated by org.testng.reporters.JUnitReportReporter -->
<testsuite hostname="DESKTOP-NTJAQHN" failures="0" tests="5" name="DemoBlazeTests.QPros.AppTest" time="31.504" errors="0" timestamp="2023-02-24T23:08:50 EET" skipped="0">
  <testcase classname="DemoBlazeTests.QPros.AppTest" name="registerAndLogin" time="15.919"/>
  <system-out/>
  <testcase classname="DemoBlazeTests.QPros.AppTest" name="testCheckCategoryItems" time="0.043"/>
  <system-out/>
  <testcase classname="DemoBlazeTests.QPros.AppTest" name="addRandomItemToCart" time="6.470"/>
  <system-out/>
  <testcase classname="DemoBlazeTests.QPros.AppTest" name="RemoveItemFromCart" time="3.244"/>
  <system-out/>
  <testcase classname="DemoBlazeTests.QPros.AppTest" name="PlceOrder" time="5.828"/>
  <system-out/>
</testsuite> <!-- DemoBlazeTests.QPros.AppTest -->
